<?xml version="1.0" encoding="UTF-8"?>
<!-- Generated by org.testng.reporters.JUnitXMLReporter -->
<testsuite ignored="1" hostname="SL1-L0016" failures="0" tests="2" name="Default test" time="36.977" errors="0" timestamp="19 Sep 2021 08:26:53 GMT">
  <testcase classname="Tests.BaseClass" name="sampleTest" time="0.006"/>
  <testcase classname="Tests.Tests" name="TestOne" time="0.005"/>
  <testcase classname="Tests.Tests" name="TestTwo" time="0.0">
    <ignored/>
  </testcase> <!-- TestTwo -->
</testsuite> <!-- Default test -->
