<?xml version="1.0" encoding="UTF-8"?>
<!-- Generated by org.testng.reporters.JUnitXMLReporter -->
<testsuite ignored="1" hostname="SL1-L0016" failures="0" tests="3" name="Default test" time="2.447" errors="0" timestamp="19 Sep 2021 13:24:51 GMT">
  <testcase classname="Tests.BaseClass" name="sampleTest" time="0.005"/>
  <testcase classname="Tests.Tests" name="TestOne" time="0.015"/>
  <testcase classname="Tests.Tests" name="loginTest" time="0.005"/>
  <testcase classname="Tests.Tests" name="TestTwo" time="0.0">
    <ignored/>
  </testcase> <!-- TestTwo -->
</testsuite> <!-- Default test -->
