<?xml version="1.0" encoding="UTF-8"?>
<testng-results ignored="1" total="4" passed="3" failed="0" skipped="0">
  <reporter-output>
  </reporter-output>
  <suite started-at="2021-09-19T13:24:49Z" name="Default suite" finished-at="2021-09-19T13:24:51Z" duration-ms="2447">
    <groups>
    </groups>
    <test started-at="2021-09-19T13:24:49Z" name="Default test" finished-at="2021-09-19T13:24:51Z" duration-ms="2447">
      <class name="Tests.Tests">
        <test-method is-config="true" signature="reportSetUp()[pri:0, instance:Tests.Tests@4a00d9cf]" started-at="2021-09-19T13:24:49Z" name="reportSetUp" finished-at="2021-09-19T13:24:49Z" duration-ms="152" status="PASS">
          <reporter-output>
          </reporter-output>
        </test-method> <!-- reportSetUp -->
        <test-method is-config="true" signature="setup()[pri:0, instance:Tests.Tests@4a00d9cf]" started-at="2021-09-19T13:24:49Z" name="setup" finished-at="2021-09-19T13:24:51Z" duration-ms="2403" status="PASS">
          <reporter-output>
          </reporter-output>
        </test-method> <!-- setup -->
        <test-method signature="sampleTest()[pri:0, instance:Tests.Tests@4a00d9cf]" started-at="2021-09-19T13:24:51Z" name="sampleTest" finished-at="2021-09-19T13:24:51Z" duration-ms="5" status="PASS">
          <reporter-output>
          </reporter-output>
        </test-method> <!-- sampleTest -->
        <test-method signature="TestOne()[pri:0, instance:Tests.Tests@4a00d9cf]" started-at="2021-09-19T13:24:51Z" name="TestOne" finished-at="2021-09-19T13:24:51Z" duration-ms="15" status="PASS">
          <reporter-output>
          </reporter-output>
        </test-method> <!-- TestOne -->
        <test-method signature="loginTest()[pri:0, instance:Tests.Tests@4a00d9cf]" started-at="2021-09-19T13:24:51Z" name="loginTest" finished-at="2021-09-19T13:24:51Z" duration-ms="5" status="PASS">
          <reporter-output>
          </reporter-output>
        </test-method> <!-- loginTest -->
        <test-method is-config="true" signature="testdown()[pri:0, instance:Tests.Tests@4a00d9cf]" started-at="2021-09-19T13:24:51Z" name="testdown" finished-at="2021-09-19T13:24:51Z" duration-ms="0" status="FAIL">
          <exception class="java.lang.NullPointerException">
            <full-stacktrace>
              <![CDATA[java.lang.NullPointerException
at Tests.BaseClass.testdown(BaseClass.java:69)
at java.base/jdk.internal.reflect.NativeMethodAccessorImpl.invoke0(Native Method)
at java.base/jdk.internal.reflect.NativeMethodAccessorImpl.invoke(NativeMethodAccessorImpl.java:62)
at java.base/jdk.internal.reflect.DelegatingMethodAccessorImpl.invoke(DelegatingMethodAccessorImpl.java:43)
at java.base/java.lang.reflect.Method.invoke(Method.java:566)
at org.testng.internal.MethodInvocationHelper.invokeMethod(MethodInvocationHelper.java:124)
at org.testng.internal.MethodInvocationHelper.invokeMethodConsideringTimeout(MethodInvocationHelper.java:59)
at org.testng.internal.Invoker.invokeConfigurationMethod(Invoker.java:458)
at org.testng.internal.Invoker.invokeConfigurations(Invoker.java:222)
at org.testng.internal.Invoker.invokeConfigurations(Invoker.java:142)
at org.testng.SuiteRunner.privateRun(SuiteRunner.java:425)
at org.testng.SuiteRunner.run(SuiteRunner.java:364)
at org.testng.SuiteRunnerWorker.runSuite(SuiteRunnerWorker.java:52)
at org.testng.SuiteRunnerWorker.run(SuiteRunnerWorker.java:84)
at org.testng.TestNG.runSuitesSequentially(TestNG.java:1208)
at org.testng.TestNG.runSuitesLocally(TestNG.java:1137)
at org.testng.TestNG.runSuites(TestNG.java:1049)
at org.testng.TestNG.run(TestNG.java:1017)
at org.testng.remote.AbstractRemoteTestNG.run(AbstractRemoteTestNG.java:115)
at org.testng.remote.RemoteTestNG.initAndRun(RemoteTestNG.java:251)
at org.testng.remote.RemoteTestNG.main(RemoteTestNG.java:77)
]]>
            </full-stacktrace>
          </exception> <!-- java.lang.NullPointerException -->
          <reporter-output>
          </reporter-output>
        </test-method> <!-- testdown -->
        <test-method is-config="true" signature="reportTearDown()[pri:0, instance:Tests.Tests@4a00d9cf]" started-at="2021-09-19T13:24:51Z" name="reportTearDown" finished-at="2021-09-19T13:24:51Z" depends-on-methods="Tests.BaseClass.testdown" duration-ms="0" status="SKIP">
          <reporter-output>
          </reporter-output>
        </test-method> <!-- reportTearDown -->
      </class> <!-- Tests.Tests -->
    </test> <!-- Default test -->
  </suite> <!-- Default suite -->
</testng-results>
